<?xml version="1.0" encoding="UTF-8"?>
<!-- Generated by org.testng.reporters.JUnitReportReporter -->
<testsuite hostname="PUN-WKS-AC645" failures="0" tests="4" name="Runner.SwiggyRestaurantsPageRunner" time="66.543" errors="0" timestamp="2022-09-26T12:18:03 IST" skipped="0">
  <testcase classname="Runner.SwiggyRestaurantsPageRunner" name="runScenario" time="22.142"/>
  <system-out/>
  <testcase classname="Runner.SwiggyRestaurantsPageRunner" name="runScenario" time="13.258"/>
  <system-out/>
  <testcase classname="Runner.SwiggyRestaurantsPageRunner" name="runScenario" time="13.474"/>
  <system-out/>
  <testcase classname="Runner.SwiggyRestaurantsPageRunner" name="runScenario" time="17.669"/>
  <system-out/>
</testsuite> <!-- Runner.SwiggyRestaurantsPageRunner -->
