<?xml version="1.0" encoding="UTF-8"?>
<!-- Generated by org.testng.reporters.JUnitReportReporter -->
<testsuite hostname="PUN-WKS-AC645" failures="0" tests="3" name="Runner.SwiggyLandingPageRunner" time="24.589" errors="0" timestamp="2022-10-01T12:51:03 IST" skipped="0">
  <testcase classname="Runner.SwiggyLandingPageRunner" name="runScenario" time="5.821"/>
  <system-out/>
  <testcase classname="Runner.SwiggyLandingPageRunner" name="runScenario" time="12.297"/>
  <system-out/>
  <testcase classname="Runner.SwiggyLandingPageRunner" name="runScenario" time="6.471"/>
  <system-out/>
</testsuite> <!-- Runner.SwiggyLandingPageRunner -->
