<?xml version="1.0" encoding="UTF-8"?>
<!-- Generated by org.testng.reporters.JUnitReportReporter -->
<testsuite hostname="PUN-WKS-AC645" failures="0" tests="3" name="Runner.SwiggyLandingPageRunner" time="24.981" errors="0" timestamp="2022-09-25T23:57:12 IST" skipped="0">
  <testcase classname="Runner.SwiggyLandingPageRunner" name="runScenario" time="7.305"/>
  <system-out/>
  <testcase classname="Runner.SwiggyLandingPageRunner" name="runScenario" time="10.652"/>
  <system-out/>
  <testcase classname="Runner.SwiggyLandingPageRunner" name="runScenario" time="7.024"/>
  <system-out/>
</testsuite> <!-- Runner.SwiggyLandingPageRunner -->
